Traceback (most recent call last):
  File "/Users/johannes/opt/anaconda3/envs/books/lib/python3.8/site-packages/jupyter_cache/executors/utils.py", line 51, in single_nb_execution
    executenb(
  File "/Users/johannes/opt/anaconda3/envs/books/lib/python3.8/site-packages/nbclient/client.py", line 1087, in execute
    return NotebookClient(nb=nb, resources=resources, km=km, **kwargs).execute()
  File "/Users/johannes/opt/anaconda3/envs/books/lib/python3.8/site-packages/nbclient/util.py", line 74, in wrapped
    return just_run(coro(*args, **kwargs))
  File "/Users/johannes/opt/anaconda3/envs/books/lib/python3.8/site-packages/nbclient/util.py", line 53, in just_run
    return loop.run_until_complete(coro)
  File "/Users/johannes/opt/anaconda3/envs/books/lib/python3.8/asyncio/base_events.py", line 608, in run_until_complete
    return future.result()
  File "/Users/johannes/opt/anaconda3/envs/books/lib/python3.8/site-packages/nbclient/client.py", line 540, in async_execute
    await self.async_execute_cell(
  File "/Users/johannes/opt/anaconda3/envs/books/lib/python3.8/site-packages/nbclient/client.py", line 832, in async_execute_cell
    self._check_raise_for_error(cell, exec_reply)
  File "/Users/johannes/opt/anaconda3/envs/books/lib/python3.8/site-packages/nbclient/client.py", line 740, in _check_raise_for_error
    raise CellExecutionError.from_cell_and_msg(cell, exec_reply['content'])
nbclient.exceptions.CellExecutionError: An error occurred while executing the following cell:
------------------
res=[]
for i in range(200,10001,50):
    ParametersLearning(bn2,df[:i])
    g1=gum.ExactBNdistance(bn,bn2)
    res.append(g1.compute()['klPQ'])
fig=figure(figsize=(10,6))
ax  = fig.add_subplot(1, 1, 1)
ax.plot(range(200,10001,50),res)
ax.set_xlabel("size of the database")
ax.set_ylabel("KL")
t=ax.set_title("klPQ(bn,learnedBN(x))")
------------------

[0;31m---------------------------------------------------------------------------[0m
[0;31mValueError[0m                                Traceback (most recent call last)
[0;32m<ipython-input-18-6e62e1272f29>[0m in [0;36m<module>[0;34m[0m
[1;32m      1[0m [0mres[0m[0;34m=[0m[0;34m[[0m[0;34m][0m[0;34m[0m[0;34m[0m[0m
[1;32m      2[0m [0;32mfor[0m [0mi[0m [0;32min[0m [0mrange[0m[0;34m([0m[0;36m200[0m[0;34m,[0m[0;36m10001[0m[0;34m,[0m[0;36m50[0m[0;34m)[0m[0;34m:[0m[0;34m[0m[0;34m[0m[0m
[0;32m----> 3[0;31m     [0mParametersLearning[0m[0;34m([0m[0mbn2[0m[0;34m,[0m[0mdf[0m[0;34m[[0m[0;34m:[0m[0mi[0m[0;34m][0m[0;34m)[0m[0;34m[0m[0;34m[0m[0m
[0m[1;32m      4[0m     [0mg1[0m[0;34m=[0m[0mgum[0m[0;34m.[0m[0mExactBNdistance[0m[0;34m([0m[0mbn[0m[0;34m,[0m[0mbn2[0m[0;34m)[0m[0;34m[0m[0;34m[0m[0m
[1;32m      5[0m     [0mres[0m[0;34m.[0m[0mappend[0m[0;34m([0m[0mg1[0m[0;34m.[0m[0mcompute[0m[0;34m([0m[0;34m)[0m[0;34m[[0m[0;34m'klPQ'[0m[0;34m][0m[0;34m)[0m[0;34m[0m[0;34m[0m[0m

[0;32m<ipython-input-14-9f6daf076e30>[0m in [0;36mParametersLearning[0;34m(bn, df)[0m
[1;32m     23[0m     """
[1;32m     24[0m     [0;32mfor[0m [0mname[0m [0;32min[0m [0mbn[0m[0;34m.[0m[0mnames[0m[0;34m([0m[0;34m)[0m[0;34m:[0m[0;34m[0m[0;34m[0m[0m
[0;32m---> 25[0;31m         [0mcomputeCPTfromDF[0m[0;34m([0m[0mbn[0m[0;34m,[0m[0mdf[0m[0;34m,[0m[0mname[0m[0;34m)[0m[0;34m[0m[0;34m[0m[0m
[0m
[0;32m<ipython-input-14-9f6daf076e30>[0m in [0;36mcomputeCPTfromDF[0;34m(bn, df, name)[0m
[1;32m     16[0m         [0ms[0m[0;34m=[0m[0mdf[0m[0;34m[[0m[0mname[0m[0;34m][0m[0;34m.[0m[0mvalue_counts[0m[0;34m([0m[0mnormalize[0m[0;34m=[0m[0;32mTrue[0m[0;34m)[0m[0;34m[0m[0;34m[0m[0m
[1;32m     17[0m [0;34m[0m[0m
[0;32m---> 18[0;31m     [0mbn[0m[0;34m.[0m[0mcpt[0m[0;34m([0m[0mid[0m[0;34m)[0m[0;34m[[0m[0;34m:[0m[0;34m][0m[0;34m=[0m[0mnp[0m[0;34m.[0m[0marray[0m[0;34m([0m[0;34m([0m[0ms[0m[0;34m)[0m[0;34m.[0m[0mtranspose[0m[0;34m([0m[0;34m)[0m[0;34m)[0m[0;34m.[0m[0mreshape[0m[0;34m([0m[0;34m*[0m[0mdomains[0m[0;34m)[0m[0;34m[0m[0;34m[0m[0m
[0m[1;32m     19[0m [0;34m[0m[0m
[1;32m     20[0m [0;32mdef[0m [0mParametersLearning[0m[0;34m([0m[0mbn[0m[0;34m,[0m[0mdf[0m[0;34m)[0m[0;34m:[0m[0;34m[0m[0;34m[0m[0m

[0;31mValueError[0m: cannot reshape array of size 2 into shape (2,2)
ValueError: cannot reshape array of size 2 into shape (2,2)

